2713777 0 0
2713780 0 0
2713783 0 0
2713786 1 0
2713789 1 0
2713792 1 0
2713795 2 1
2713798 2 1
2713801 3 2
2713804 4 3
2713807 5 4
2713810 6 5
2713813 7 6
2713816 8 7
2713819 9 8
2713822 10 9
2713825 11 10
2713828 13 11
2713831 14 13
2713834 15 14
2713837 17 15
2713840 18 17
2713843 19 18
2713846 21 20
2713849 23 21
2713852 24 23
2713855 26 24
2713858 27 26
2713861 29 28
2713864 31 29
2713867 32 31
2713870 34 32
2713873 36 34
2713876 37 36
2713879 39 38
2713882 41 39
2713885 43 41
2713888 45 43
2713891 46 44
2713894 48 46
2713897 50 48
2713900 52 50
2713903 54 52
2713906 56 54
2713909 58 55
2713912 59 57
2713915 61 59
2713918 63 61
2713921 65 63
2713924 68 65
2713927 70 67
2713930 72 69
2713933 74 71
2713936 76 73
2713939 78 75
2713942 80 77
2713945 82 79
2713948 85 81
2713951 87 83
2713954 89 85
2713957 91 87
2713960 93 89
2713963 96 92
2713966 98 94
2713969 100 96
2713972 103 98
2713975 105 100
2713978 107 102
2713981 109 105
2713984 112 107
2713987 114 109
2713990 116 111
2713993 119 113
2713996 121 116
2713999 123 118
2714002 126 120
2714005 128 122
2714008 131 124
2714011 133 127
2714014 135 129
2714017 138 131
2714020 140 133
2714023 143 136
2714026 145 138
2714029 147 140
2714032 150 142
2714035 152 144
2714038 154 146
2714041 157 149
2714044 159 151
2714047 162 153
2714050 164 155
2714053 166 158
2714056 169 160
2714059 171 162
2714062 173 164
2714065 176 166
2714068 178 169
2714071 181 171
2714074 183 173
2714077 185 175
2714080 188 177
2714083 190 179
2714086 193 182
2714089 195 184
2714092 197 186
2714095 200 188
2714098 202 190
2714101 204 193
2714104 207 195
2714107 209 197
2714110 211 199
2714113 214 201
2714116 216 204
2714119 219 206
2714122 221 208
2714125 223 210
2714128 225 213
2714131 228 215
2714134 230 217
2714137 233 219
2714140 235 222
2714143 237 224
2714146 240 226
2714149 242 228
2714152 245 231
2714155 247 233
2714158 249 235
2714161 252 238
2714164 254 240
2714167 257 242
2714170 259 244
2714173 261 247
2714176 264 249
2714179 266 251
2714182 269 254
2714185 271 256
2714188 273 258
2714191 276 260
2714194 278 263
2714197 281 265
2714200 283 267
2714203 286 270
2714206 288 272
2714209 291 274
2714212 293 276
2714215 295 279
2714218 298 281
2714221 300 283
2714224 303 286
2714227 305 288
2714230 308 290
2714233 310 292
2714236 313 295
2714239 315 297
2714242 317 299
2714245 320 301
2714248 322 304
2714251 325 306
2714254 327 308
2714257 330 311
2714260 332 313
2714263 335 315
2714266 337 317
2714269 339 320
2714272 342 322
2714275 344 324
2714278 347 326
2714281 349 329
2714284 351 331
2714287 354 333
2714290 356 336
2714293 359 338
2714296 361 340
2714299 363 342
2714302 366 345
2714305 368 347
2714308 371 349
2714311 373 352
2714314 375 354
2714317 378 356
2714320 380 359
2714323 383 361
2714326 385 363
2714329 387 366
2714332 390 368
2714335 392 370
2714338 395 372
2714341 397 375
2714344 399 377
2714347 402 380
2714350 404 382
2714353 407 384
2714356 409 387
2714359 411 389
2714362 414 391
2714365 416 394
2714368 419 396
2714371 421 398
2714374 424 401
2714377 426 403
2714380 429 405
2714383 431 408
2714386 433 410
2714389 436 412
2714392 438 415
2714395 441 417
2714398 443 419
2714401 446 422
2714404 448 424
2714407 451 426
2714410 453 429
2714413 455 431
2714416 458 433
2714419 460 436
2714422 463 438
2714425 465 440
2714428 467 442
2714431 470 445
2714434 472 447
2714437 475 449
2714440 477 452
2714443 480 454
2714446 482 456
2714449 485 459
2714452 487 461
2714455 489 463
2714458 492 466
2714461 494 468
2714464 497 470
2714467 499 472
2714470 501 475
2714473 504 477
2714476 506 479
2714479 509 482
2714482 511 484
2714485 513 486
2714488 516 489
2714491 518 491
2714494 521 493
2714497 523 495
2714500 525 498
2714503 528 500
2714506 530 502
2714509 533 505
2714512 535 507
2714515 538 509
2714518 540 511
2714521 542 514
2714524 545 516
2714527 547 518
2714530 550 520
2714533 552 523
2714536 555 525
2714539 557 527
2714542 559 530
2714545 562 532
2714548 564 534
2714551 567 536
2714554 569 539
2714557 572 541
2714560 574 543
2714563 577 545
2714566 579 548
2714569 581 550
2714572 584 552
2714575 586 555
2714578 589 557
2714581 591 559
2714584 593 561
2714587 596 564
2714590 598 566
2714593 601 568
2714596 603 570
2714599 606 573
2714602 608 575
2714605 611 577
2714608 613 579
2714611 615 582
2714614 618 584
2714617 620 586
2714620 623 588
2714623 625 591
2714626 627 593
2714629 630 595
2714632 632 597
2714635 635 600
2714638 637 602
2714641 639 604
2714644 642 606
2714647 644 609
2714650 647 611
2714653 649 613
2714656 652 616
2714659 654 618
2714662 657 620
2714665 659 622
2714668 661 625
2714671 664 627
2714674 666 629
2714677 669 632
2714680 671 634
2714683 674 636
2714686 676 638
2714689 678 641
2714692 681 643
2714695 683 645
2714698 686 648
2714701 688 650
2714704 691 652
2714707 693 654
2714710 695 657
2714713 698 659
2714716 700 661
2714719 703 664
2714722 705 666
2714725 707 668
2714728 710 670
2714731 712 673
2714734 715 675
2714737 717 677
2714740 719 680
2714743 722 682
2714746 724 684
2714749 727 686
2714752 729 689
2714755 731 691
2714758 734 693
2714761 736 696
2714764 739 698
2714767 741 700
2714770 743 702
2714773 746 705
2714776 748 707
2714779 751 709
2714782 753 712
2714785 755 714
2714788 757 716
2714791 760 719
2714794 762 721
2714797 764 723
2714800 765 726
2714803 767 728
2714806 769 730
2714809 771 732
2714812 772 735
2714815 773 737
2714818 775 740
2714821 776 742
2714824 777 744
2714827 779 746
2714830 780 749
2714833 781 751
2714836 782 753
2714839 783 756
2714842 784 758
2714845 785 760
2714848 786 763
2714851 787 765
2714854 788 767
2714857 788 770
2714860 789 772
2714863 790 774
2714866 791 776
2714869 791 779
2714872 792 781
2714875 793 783
2714878 793 786
2714881 794 788
2714884 795 790
2714887 795 793
2714890 796 795
2714893 796 797
2714896 797 799
2714899 797 802
2714902 797 804
2714905 798 806
2714908 798 809
2714911 799 811
2714914 799 813
2714917 799 816
2714920 799 818
2714923 800 820
2714926 800 822
2714929 800 825
2714932 800 827
2714935 800 829
2714938 801 831
2714941 801 834
2714944 801 836
2714947 801 838
2714950 801 841
2714953 801 843
2714956 801 845
2714959 801 847
2714962 801 849
2714965 801 852
2714968 802 854
2714971 802 856
2714974 802 858
2714977 802 861
2714980 802 863
2714983 802 865
2714986 802 867
2714989 802 870
2714992 802 872
2714995 802 874
2714998 802 876
2715001 802 878
2715004 802 881
2715007 802 883
2715010 802 885
2715013 802 887
2715016 802 890
2715019 802 892
2715022 802 894
2715025 802 896
2715028 802 898
2715031 802 901
2715034 802 903
2715037 802 905
2715040 802 908
2715043 802 910
2715046 802 912
2715049 802 914
2715052 802 916
2715055 802 919
2715058 802 921
2715061 802 923
2715064 802 925
2715067 802 928
2715070 802 930
2715073 802 932
2715076 802 934
2715079 802 936
2715082 802 939
2715085 802 941
2715088 802 943
2715091 802 945
2715094 802 947
2715097 802 950
2715100 802 952
2715103 802 954
2715106 802 956
2715109 802 959
2715112 802 961
2715115 802 963
2715118 802 965
2715121 802 967
2715124 802 970
2715127 802 972
2715130 802 974
2715133 802 976
2715136 802 978
2715139 802 981
2715142 802 983
2715145 802 985
2715148 802 987
2715151 802 990
2715154 802 992
2715157 802 994
2715160 802 996
2715163 802 998
2715166 802 1001
2715169 802 1003
2715172 802 1005
2715175 802 1008
2715178 802 1010
2715181 802 1012
2715184 802 1014
2715187 802 1016
2715190 802 1019
2715193 802 1021
2715196 802 1023
2715199 802 1025
2715202 802 1028
2715205 802 1030
2715208 802 1032
2715211 802 1034
2715214 802 1037
2715217 802 1039
2715220 802 1041
2715223 802 1043
2715226 802 1046
2715229 802 1048
2715232 802 1050
2715235 802 1052
2715238 803 1054
2715241 803 1057
2715244 804 1059
2715247 805 1061
2715250 806 1063
2715253 807 1065
2715256 808 1068
2715259 809 1070
2715262 810 1072
2715265 811 1074
2715268 813 1076
2715271 814 1079
2715274 815 1081
2715277 817 1083
2715280 818 1085
2715283 820 1087
2715286 821 1090
2715289 823 1092
2715292 825 1094
2715295 826 1096
2715298 828 1099
2715301 829 1101
2715304 831 1103
2715307 833 1105
2715310 835 1107
2715313 837 1110
2715316 839 1112
2715319 841 1114
2715322 843 1116
2715325 845 1119
2715328 847 1121
2715331 848 1123
2715334 850 1125
2715337 852 1128
2715340 854 1130
2715343 856 1132
2715346 858 1134
2715349 861 1137
2715352 863 1139
2715355 865 1141
2715358 867 1143
2715361 869 1146
2715364 871 1148
2715367 873 1150
2715370 875 1153
2715373 877 1155
2715376 879 1157
2715379 881 1159
2715382 883 1162
2715385 885 1164
2715388 888 1166
2715391 890 1169
2715394 892 1171
2715397 894 1173
2715400 896 1175
2715403 898 1178
2715406 901 1180
2715409 903 1182
2715412 905 1185
2715415 907 1187
2715418 909 1189
2715421 912 1191
2715424 914 1194
2715427 916 1196
2715430 918 1198
2715433 921 1201
2715436 923 1203
2715439 925 1205
2715442 927 1207
2715445 929 1210
2715448 932 1212
2715451 934 1214
2715454 936 1216
2715457 939 1219
2715460 941 1221
2715463 943 1223
2715466 945 1226
2715469 948 1228
2715472 950 1230
2715475 953 1233
2715478 955 1235
2715481 957 1237
2715484 959 1239
2715487 962 1242
2715490 964 1244
2715493 967 1246
2715496 969 1248
2715499 971 1251
2715502 973 1253
2715505 976 1255
2715508 978 1258
2715511 981 1260
2715514 983 1262
2715517 985 1264
2715520 988 1267
2715523 990 1269
2715526 993 1271
2715529 995 1274
2715532 997 1276
2715535 1000 1278
2715538 1002 1280
2715541 1005 1283
2715544 1007 1285
2715547 1009 1287
2715550 1012 1289
2715553 1014 1292
2715556 1017 1294
2715559 1019 1296
2715562 1021 1299
2715565 1024 1301
2715568 1026 1303
2715571 1029 1305
2715574 1031 1308
2715577 1033 1310
2715580 1036 1312
2715583 1038 1314
2715586 1041 1317
2715589 1043 1319
2715592 1045 1321
2715595 1048 1324
2715598 1050 1326
2715601 1053 1328
2715604 1055 1330
2715607 1057 1333
2715610 1060 1335
2715613 1062 1337
2715616 1064 1339
2715619 1067 1342
2715622 1069 1344
2715625 1072 1346
2715628 1074 1349
2715631 1076 1351
2715634 1079 1353
2715637 1081 1355
2715640 1083 1358
2715643 1086 1360
2715646 1088 1362
2715649 1091 1365
2715652 1093 1367
2715655 1095 1369
2715658 1098 1372
2715661 1100 1374
2715664 1103 1376
2715667 1105 1378
2715670 1107 1381
2715673 1110 1383
2715676 1112 1385
2715679 1115 1388
2715682 1117 1390
2715685 1119 1392
2715688 1121 1395
2715691 1124 1397
2715694 1126 1399
2715697 1129 1402
2715700 1131 1404
2715703 1133 1406
2715706 1136 1408
2715709 1138 1411
2715712 1141 1413
2715715 1143 1415
2715718 1145 1418
2715721 1148 1420
2715724 1150 1422
2715727 1153 1425
2715730 1155 1427
2715733 1157 1429
2715736 1160 1431
2715739 1162 1434
2715742 1165 1436
2715745 1167 1438
2715748 1169 1441
2715751 1172 1443
2715754 1174 1445
2715757 1177 1448
2715760 1179 1450
2715763 1182 1452
2715766 1184 1455
2715769 1186 1457
2715772 1189 1459
2715775 1191 1462
2715778 1194 1464
2715781 1196 1466
2715784 1199 1468
2715787 1201 1471
2715790 1203 1473
2715793 1206 1475
2715796 1208 1478
2715799 1211 1480
2715802 1213 1482
2715805 1215 1485
2715808 1218 1487
2715811 1220 1489
2715814 1223 1492
2715817 1225 1494
2715820 1227 1496
2715823 1230 1499
2715826 1232 1501
2715829 1235 1503
2715832 1237 1506
2715835 1239 1508
2715838 1242 1510
2715841 1244 1513
2715844 1247 1515
2715847 1249 1517
2715850 1251 1520
2715853 1254 1522
2715856 1256 1524
2715859 1259 1526
2715862 1261 1529
2715865 1263 1531
2715868 1266 1534
2715871 1268 1536
2715874 1271 1538
2715877 1273 1540
2715880 1276 1543
2715883 1278 1545
2715886 1280 1547
2715889 1283 1550
2715892 1285 1552
2715895 1288 1554
2715898 1290 1556
2715901 1292 1559
2715904 1295 1561
2715907 1297 1563
2715910 1300 1566
2715913 1302 1568
2715916 1305 1570
2715919 1307 1572
2715922 1309 1575
2715925 1312 1577
2715928 1314 1579
2715931 1316 1582
2715934 1319 1584
2715937 1321 1586
2715940 1324 1589
2715943 1326 1591
2715946 1328 1593
2715949 1331 1595
2715952 1333 1598
2715955 1336 1600
2715958 1338 1602
2715961 1340 1605
2715964 1343 1607
2715967 1345 1609
2715970 1348 1611
2715973 1350 1614
2715976 1353 1616
2715979 1355 1618
2715982 1357 1620
2715985 1360 1623
2715988 1362 1625
2715991 1365 1627
2715994 1367 1630
2715997 1369 1632
2716000 1372 1634
2716003 1374 1636
2716006 1377 1639
2716009 1379 1641
2716012 1381 1643
2716015 1384 1646
2716018 1386 1648
2716021 1389 1650
2716024 1391 1652
2716027 1394 1654
2716030 1396 1657
2716033 1399 1659
2716036 1401 1661
2716039 1403 1664
2716042 1406 1666
2716045 1408 1668
2716048 1411 1670
2716051 1413 1673
2716054 1415 1675
2716057 1418 1677
2716060 1420 1679
2716063 1423 1682
2716066 1425 1684
2716069 1427 1686
2716072 1430 1688
2716075 1432 1691
2716078 1434 1693
2716081 1437 1695
2716084 1439 1698
2716087 1442 1700
2716090 1444 1702
2716093 1446 1704
2716096 1449 1707
2716099 1451 1709
2716102 1453 1711
2716105 1456 1714
2716108 1458 1716
2716111 1461 1718
2716114 1463 1720
2716117 1465 1723
2716120 1468 1725
2716123 1470 1727
2716126 1473 1730
2716129 1475 1732
2716132 1477 1734
2716135 1480 1736
2716138 1482 1739
2716141 1485 1741
2716144 1487 1743
2716147 1489 1746
2716150 1492 1748
2716153 1494 1750
2716156 1496 1753
2716159 1499 1755
2716162 1501 1757
2716165 1504 1759
2716168 1506 1762
2716171 1509 1764
2716174 1511 1766
2716177 1513 1768
2716180 1516 1771
2716183 1518 1773
2716186 1521 1775
2716189 1523 1778
2716192 1525 1780
2716195 1528 1782
2716198 1530 1785
2716201 1533 1787
2716204 1535 1789
2716207 1537 1791
2716210 1540 1794
2716213 1542 1796
2716216 1545 1798
2716219 1547 1801
2716222 1550 1803
2716225 1552 1805
2716228 1554 1808
2716231 1557 1810
2716234 1559 1812
2716237 1561 1814
2716240 1563 1817
2716243 1565 1819
2716246 1567 1821
2716249 1568 1824
2716252 1570 1826
2716255 1571 1828
2716258 1573 1831
2716261 1574 1833
2716264 1576 1835
2716267 1577 1838
2716270 1578 1840
2716273 1579 1842
2716276 1580 1845
2716279 1581 1847
2716282 1583 1849
2716285 1583 1852
2716288 1584 1854
2716291 1585 1856
2716294 1586 1858
2716297 1587 1861
2716300 1588 1863
2716303 1589 1865
2716306 1589 1868
2716309 1590 1870
2716312 1591 1872
2716315 1591 1875
2716318 1592 1877
2716321 1593 1879
2716324 1593 1881
2716327 1594 1884
2716330 1594 1886
2716333 1595 1888
2716336 1595 1890
2716339 1596 1893
2716342 1596 1895
2716345 1597 1897
2716348 1597 1900
2716351 1597 1902
2716354 1598 1904
2716357 1598 1906
2716360 1598 1909
2716363 1599 1911
2716366 1599 1913
2716369 1599 1916
2716372 1599 1918
2716375 1600 1920
2716378 1600 1922
2716381 1600 1925
2716384 1600 1927
2716387 1600 1929
2716390 1600 1931
2716393 1601 1933
2716396 1601 1936
2716399 1601 1938
2716402 1601 1940
2716405 1601 1942
2716408 1601 1945
2716411 1601 1947
2716414 1601 1949
2716417 1601 1951
2716420 1601 1953
2716423 1601 1956
2716426 1601 1958
2716429 1601 1960
2716432 1601 1962
2716435 1601 1964
2716438 1601 1967
2716441 1601 1969
2716444 1601 1971
2716447 1601 1973
2716450 1601 1976
2716453 1601 1978
2716456 1601 1980
2716459 1601 1982
2716462 1601 1984
2716465 1601 1987
2716468 1601 1989
2716471 1601 1991
2716474 1601 1993
2716477 1601 1996
2716480 1601 1998
2716483 1601 2000
2716486 1601 2002
2716489 1601 2004
2716492 1601 2007
2716495 1601 2009
2716498 1601 2011
2716501 1601 2013
2716504 1601 2016
2716507 1601 2018
2716510 1601 2020
2716513 1601 2022
2716516 1601 2024
2716519 1601 2027
2716522 1601 2029
2716525 1601 2031
2716528 1601 2033
2716531 1601 2036
2716534 1601 2038
2716537 1601 2040
2716540 1601 2042
2716543 1601 2045
2716546 1601 2047
2716549 1601 2049
2716552 1601 2051
2716555 1601 2053
2716558 1601 2056
2716561 1601 2058
2716564 1601 2060
2716567 1601 2062
2716570 1601 2065
2716573 1601 2067
2716576 1601 2069
2716579 1601 2071
2716582 1601 2074
2716585 1601 2076
2716588 1601 2078
2716591 1601 2080
2716594 1601 2082
2716597 1601 2085
2716600 1601 2087
2716603 1601 2089
2716606 1601 2091
2716609 1601 2094
2716612 1601 2096
2716615 1601 2098
2716618 1601 2100
2716621 1601 2103
2716624 1601 2105
2716627 1601 2107
2716630 1601 2109
2716633 1601 2112
2716636 1601 2114
2716639 1601 2116
2716642 1601 2118
2716645 1601 2121
2716648 1601 2123
2716651 1601 2125
2716654 1601 2127
2716657 1601 2130
2716660 1601 2132
2716663 1601 2134
2716666 1601 2136
2716669 1601 2139
2716672 1601 2141
2716675 1601 2143
2716678 1602 2145
2716681 1602 2147
2716684 1603 2150
2716687 1603 2152
2716690 1604 2154
2716693 1605 2156
2716696 1606 2158
2716699 1607 2161
2716702 1608 2163
2716705 1609 2165
2716708 1610 2167
2716711 1611 2170
2716714 1612 2172
2716717 1614 2174
2716720 1615 2176
2716723 1616 2178
2716726 1618 2181
2716729 1619 2183
2716732 1621 2185
2716735 1622 2187
2716738 1624 2190
2716741 1625 2192
2716744 1627 2194
2716747 1629 2196
2716750 1631 2198
2716753 1632 2201
2716756 1634 2203
2716759 1636 2205
2716762 1638 2207
2716765 1640 2210
2716768 1641 2212
2716771 1643 2214
2716774 1645 2216
2716777 1647 2218
2716780 1649 2221
2716783 1651 2223
2716786 1653 2225
2716789 1655 2227
2716792 1657 2230
2716795 1659 2232
2716798 1661 2234
2716801 1663 2236
2716804 1665 2239
2716807 1667 2241
2716810 1669 2243
2716813 1671 2246
2716816 1673 2248
2716819 1675 2250
2716822 1677 2252
2716825 1679 2255
2716828 1681 2257
2716831 1683 2259
2716834 1685 2261
2716837 1688 2264
2716840 1690 2266
2716843 1692 2268
2716846 1694 2270
2716849 1696 2273
2716852 1698 2275
2716855 1700 2277
2716858 1703 2280
2716861 1705 2282
2716864 1707 2284
2716867 1709 2286
2716870 1711 2289
2716873 1714 2291
2716876 1716 2293
2716879 1718 2295
2716882 1720 2298
2716885 1723 2300
2716888 1725 2302
2716891 1727 2304
2716894 1729 2307
2716897 1732 2309
2716900 1734 2311
2716903 1736 2313
2716906 1739 2316
2716909 1741 2318
2716912 1743 2320
2716915 1746 2322
2716918 1748 2325
2716921 1751 2327
2716924 1753 2329
2716927 1755 2332
2716930 1757 2334
2716933 1760 2336
2716936 1762 2338
2716939 1765 2341
2716942 1767 2343
2716945 1769 2345
2716948 1772 2347
2716951 1774 2350
2716954 1776 2352
2716957 1779 2354
2716960 1781 2356
2716963 1783 2359
2716966 1786 2361
2716969 1788 2363
2716972 1791 2365
2716975 1793 2368
2716978 1795 2370
2716981 1797 2372
2716984 1800 2375
2716987 1802 2377
2716990 1805 2379
2716993 1807 2381
2716996 1809 2384
2716999 1812 2386
2717002 1814 2388
2717005 1816 2390
2717008 1819 2393
2717011 1821 2395
2717014 1823 2397
2717017 1826 2399
2717020 1828 2402
2717023 1830 2404
2717026 1833 2406
2717029 1835 2409
2717032 1837 2411
2717035 1840 2413
2717038 1842 2415
2717041 1844 2418
2717044 1847 2420
2717047 1849 2422
2717050 1851 2424
2717053 1854 2427
2717056 1856 2429
2717059 1859 2431
2717062 1861 2434
2717065 1863 2436
2717068 1866 2438
2717071 1868 2441
2717074 1871 2443
2717077 1873 2445
2717080 1875 2448
2717083 1878 2450
2717086 1880 2452
2717089 1883 2454
2717092 1885 2457
2717095 1887 2459
2717098 1890 2461
2717101 1892 2464
2717104 1895 2466
2717107 1897 2468
2717110 1899 2470
2717113 1902 2473
2717116 1904 2475
2717119 1907 2477
2717122 1909 2479
2717125 1911 2482
2717128 1914 2484
2717131 1916 2486
2717134 1919 2489
2717137 1921 2491
2717140 1923 2493
2717143 1926 2496
2717146 1928 2498
2717149 1931 2500
2717152 1933 2502
2717155 1935 2505
2717158 1938 2507
2717161 1940 2509
2717164 1943 2512
2717167 1945 2514
2717170 1947 2516
2717173 1950 2518
2717176 1952 2521
2717179 1955 2523
2717182 1957 2525
2717185 1959 2528
2717188 1962 2530
2717191 1964 2532
2717194 1967 2535
2717197 1969 2537
2717200 1971 2539
2717203 1974 2542
2717206 1976 2544
2717209 1979 2546
2717212 1981 2549
2717215 1983 2551
2717218 1986 2553
2717221 1988 2556
2717224 1991 2558
2717227 1993 2560
2717230 1996 2562
2717233 1998 2565
2717236 2000 2567
2717239 2003 2569
2717242 2005 2572
2717245 2008 2574
2717248 2010 2576
2717251 2013 2579
2717254 2015 2581
2717257 2017 2583
2717260 2020 2586
2717263 2022 2588
2717266 2025 2590
2717269 2027 2593
2717272 2029 2595
2717275 2032 2597
2717278 2034 2600
2717281 2037 2602
2717284 2039 2604
2717287 2041 2606
2717290 2044 2609
2717293 2046 2611
2717296 2049 2613
2717299 2051 2616
2717302 2053 2618
2717305 2056 2620
2717308 2058 2623
2717311 2060 2625
2717314 2063 2627
2717317 2065 2629
2717320 2068 2632
2717323 2070 2634
2717326 2073 2636
2717329 2075 2639
2717332 2077 2641
2717335 2080 2643
2717338 2082 2646
2717341 2085 2648
2717344 2087 2650
2717347 2089 2652
2717350 2092 2655
2717353 2094 2657
2717356 2097 2659
2717359 2099 2662
2717362 2101 2664
2717365 2104 2666
2717368 2106 2668
2717371 2109 2671
2717374 2111 2673
2717377 2114 2675
2717380 2116 2677
2717383 2119 2680
2717386 2121 2682
2717389 2123 2684
2717392 2126 2686
2717395 2128 2689
2717398 2131 2691
2717401 2133 2693
2717404 2135 2695
2717407 2138 2698
2717410 2140 2700
2717413 2143 2702
2717416 2145 2704
2717419 2147 2707
2717422 2150 2709
2717425 2152 2711
2717428 2155 2714
2717431 2157 2716
2717434 2159 2718
2717437 2162 2720
2717440 2164 2723
2717443 2167 2725
2717446 2169 2727
2717449 2171 2729
2717452 2174 2732
2717455 2176 2734
2717458 2179 2736
2717461 2181 2738
2717464 2183 2741
2717467 2186 2743
2717470 2188 2745
2717473 2191 2747
2717476 2193 2750
2717479 2195 2752
2717482 2198 2754
2717485 2200 2756
2717488 2203 2759
2717491 2205 2761
2717494 2207 2763
2717497 2210 2766
2717500 2212 2768
2717503 2215 2770
2717506 2217 2772
2717509 2219 2775
2717512 2222 2777
2717515 2224 2779
2717518 2227 2782
2717521 2229 2784
2717524 2231 2786
2717527 2234 2788
2717530 2236 2791
2717533 2239 2793
2717536 2241 2795
2717539 2243 2797
2717542 2246 2800
2717545 2248 2802
2717548 2251 2804
2717551 2253 2807
2717554 2256 2809
2717557 2258 2811
2717560 2261 2814
2717563 2263 2816
2717566 2265 2818
2717569 2268 2820
2717572 2270 2823
2717575 2273 2825
2717578 2275 2827
2717581 2277 2830
2717584 2280 2832
2717587 2282 2834
2717590 2285 2836
2717593 2287 2839
2717596 2289 2841
2717599 2292 2843
2717602 2294 2845
2717605 2297 2848
2717608 2299 2850
2717611 2301 2852
2717614 2304 2854
2717617 2306 2857
2717620 2309 2859
2717623 2311 2861
2717626 2313 2864
2717629 2316 2866
2717632 2318 2868
2717635 2321 2870
2717638 2323 2873
2717641 2325 2875
2717644 2328 2877
2717647 2330 2880
2717650 2333 2882
2717653 2335 2884
2717656 2337 2886
2717659 2340 2889
2717662 2342 2891
2717665 2345 2893
2717668 2347 2896
2717671 2349 2898
2717674 2352 2900
2717677 2354 2903
2717680 2356 2905
2717683 2358 2907
2717686 2360 2910
2717689 2362 2912
2717692 2363 2914
2717695 2365 2917
2717698 2367 2919
2717701 2368 2921
2717704 2370 2924
2717707 2371 2926
2717710 2372 2928
2717713 2373 2931
2717716 2375 2933
2717719 2376 2935
2717722 2377 2937
2717725 2378 2940
2717728 2379 2942
2717731 2380 2944
2717734 2381 2947
2717737 2382 2949
2717740 2383 2952
2717743 2383 2954
2717746 2384 2956
2717749 2385 2958
2717752 2386 2961
2717755 2387 2963
2717758 2387 2965
2717761 2388 2967
2717764 2388 2970
2717767 2389 2972
2717770 2390 2974
2717773 2390 2976
2717776 2391 2979
2717779 2391 2981
2717782 2392 2983
2717785 2392 2986
2717788 2393 2988
2717791 2393 2990
2717794 2393 2992
2717797 2394 2995
2717800 2394 2997
2717803 2394 2999
2717806 2395 3002
2717809 2395 3004
2717812 2395 3006
2717815 2395 3008
2717818 2396 3010
2717821 2396 3013
2717824 2396 3015
2717827 2396 3017
2717830 2396 3019
2717833 2397 3022
2717836 2397 3024
2717839 2397 3026
2717842 2397 3028
2717845 2397 3031
2717848 2397 3033
2717851 2397 3035
2717854 2397 3037
2717857 2397 3039
2717860 2397 3042
2717863 2397 3044
2717866 2397 3046
2717869 2397 3048
2717872 2397 3050
2717875 2398 3053
2717878 2398 3055
2717881 2398 3057
2717884 2398 3059
2717887 2398 3062
2717890 2398 3064
2717893 2398 3066
2717896 2398 3068
2717899 2398 3070
2717902 2398 3073
2717905 2398 3075
2717908 2398 3077
2717911 2398 3079
2717914 2398 3081
2717917 2398 3084
2717920 2398 3086
2717923 2398 3088
2717926 2398 3090
2717929 2398 3092
2717932 2398 3095
2717935 2398 3097
2717938 2398 3099
2717941 2398 3101
2717944 2398 3104
2717947 2398 3106
2717950 2398 3108
2717953 2398 3110
2717956 2398 3112
2717959 2398 3115
2717962 2398 3117
2717965 2398 3119
2717968 2398 3121
2717971 2398 3124
2717974 2398 3126
2717977 2398 3128
2717980 2398 3130
2717983 2398 3132
2717986 2398 3135
2717989 2398 3137
2717992 2398 3139
2717995 2398 3142
2717998 2398 3144
2718001 2398 3146
2718004 2398 3148
2718007 2398 3150
2718010 2398 3153
2718013 2398 3155
2718016 2398 3157
2718019 2398 3159
2718022 2398 3161
2718025 2398 3164
2718028 2398 3166
2718031 2398 3168
2718034 2398 3170
2718037 2398 3173
2718040 2398 3175
2718043 2398 3177
2718046 2398 3179
2718049 2398 3182
2718052 2398 3184
2718055 2398 3186
2718058 2398 3188
2718061 2398 3190
2718064 2398 3193
2718067 2398 3195
2718070 2398 3197
2718073 2398 3199
2718076 2398 3202
2718079 2398 3204
2718082 2398 3206
2718085 2398 3208
2718088 2398 3210
2718091 2398 3213
2718094 2398 3215
2718097 2398 3217
2718100 2398 3219
2718103 2398 3222
2718106 2398 3224
2718109 2398 3226
2718112 2398 3228
2718115 2398 3230
2718118 2398 3233
2718121 2398 3235
2718124 2399 3237
2718127 2399 3240
2718130 2400 3242
2718133 2400 3244
2718136 2401 3246
2718139 2402 3248
2718142 2403 3251
2718145 2404 3253
2718148 2405 3255
2718151 2406 3257
2718154 2407 3259
2718157 2409 3262
2718160 2410 3264
2718163 2411 3266
2718166 2413 3268
2718169 2414 3271
2718172 2416 3273
2718175 2417 3275
2718178 2419 3277
2718181 2421 3279
2718184 2422 3282
2718187 2424 3284
2718190 2425 3286
2718193 2427 3288
2718196 2429 3290
2718199 2431 3293
2718202 2433 3295
2718205 2435 3297
2718208 2436 3299
2718211 2438 3302
2718214 2440 3304
2718217 2442 3306
2718220 2444 3308
2718223 2446 3311
2718226 2448 3313
2718229 2450 3315
2718232 2452 3317
2718235 2454 3319
2718238 2456 3322
2718241 2458 3324
2718244 2460 3326
2718247 2462 3328
2718250 2464 3331
2718253 2466 3333
2718256 2468 3335
2718259 2470 3338
2718262 2472 3340
2718265 2475 3342
2718268 2477 3344
2718271 2479 3346
2718274 2481 3349